1479668542902100900 [     0] { SENT } packet ch 2 data=sync_time%$%{"id": 0}
1479668542928102400 [     0] { RECV } packet ch 2 data=sync_time_response%$%{"simulation_time": 0.24601411819458008, "id": 0}
1479668542961104300 [     0] { SENT } packet ch 2 data=sync_time%$%{"id": 1}
1479668542995106200 [     0] { RECV } packet ch 2 data=sync_time_response%$%{"simulation_time": 0.29701709747314453, "id": 1}
1479668543028108100 [     0] { SENT } packet ch 2 data=sync_time%$%{"id": 2}
1479668543062110100 [     0] { RECV } packet ch 2 data=sync_time_response%$%{"simulation_time": 0.36602091789245605, "id": 2}
1479668543095111900 [     0] { SENT } packet ch 2 data=sync_time%$%{"id": 3}
1479668543128113800 [     0] { RECV } packet ch 2 data=sync_time_response%$%{"simulation_time": 0.4340248107910156, "id": 3}
1479668543162115800 [     0] { SENT } packet ch 2 data=sync_time%$%{"id": 4}
1479668543229119600 [     0] { RECV } packet ch 2 data=sync_time_response%$%{"simulation_time": 0.5080292224884033, "id": 4}
1479668543229119600 [     0] Synchronized time, delta to local time = -1479668542.6743379 simtime= 554.8
1479668543229119600 [   554] { SENT } packet ch 1 data=initial_sync%$%{}
1479668543263121600 [   555] { RECV } packet ch 1 data=init_gamestate%$%{"entities": [{"components": {"TransformComponent": {"pos": [-0.9343407438073053, -0.11946820179390882], "rotation": 0}, "VelocityComponent": {"velocity": [0.0, 0.0]}, "DrawComponent": {"mesh": [1.0, 0.6000000238418579, 0.20000000298023224, 1.0]}}, "uuid": "5422749112"}, {"components": {"TransformComponent": {"pos": [0.008706014825680564, -0.6645928188343204], "rotation": 0}, "VelocityComponent": {"velocity": [0.0, 0.0]}, "DrawComponent": {"mesh": [1.0, 0.6000000238418579, 0.20000000298023224, 1.0]}}, "uuid": "9980162234"}], "player_entity": "9980162234", "version_no": 1002, "simulation_time": 0.5620319843292236}
1479668543263121600 [   555] Loading 2 entities from bulk
1479668543265121700 [   555] { SENT } packet ch 1 data=client_ready%$%{}
1479668543349126500 [   590] { RECV } packet ch 1 data=gamedelta%$%{"new_entities": [], "changed_entities": [{"changes": {"TransformComponent": {"pos_x": 0.008706014825680564, "pos_y": -0.6645928188343204}}, "uuid": "9980162234"}], "timestamp": 0.7110348701477051, "version_no": 1003}
1479668544604198300 [  1602] { RECV } packet ch 1 data=gamedelta%$%{"new_entities": [], "changed_entities": [], "timestamp": 1.7260929107666017, "version_no": 1004}
1479668544847212200 [  2137] { SENT } packet ch 1 data=request_event%$%{"uuid": null, "cls": "EventMovement", "data": {"velocity": [1.0, 0.0]}, "timestamp": 2.1728744506835938}
1479668544964218800 [  2239] { RECV } packet ch 1 data=gamedelta%$%{"new_entities": [], "changed_entities": [{"changes": {"TransformComponent": {"pos_x": 0.03250729314861567, "pos_y": -0.6645928188343204}}, "uuid": "9980162234"}], "timestamp": 2.349128580093384, "version_no": 1005}
1479668545012221600 [  2303] { RECV } packet ch 1 data=gamedelta%$%{"new_entities": [], "changed_entities": [{"changes": {"TransformComponent": {"pos_x": 0.1137124209093836, "pos_y": -0.6645928188343204}}, "uuid": "9980162234"}], "timestamp": 2.4071322441101075, "version_no": 1006}
1479668545046223500 [  2337] { RECV } packet ch 1 data=gamedelta%$%{"new_entities": [], "changed_entities": [{"changes": {"TransformComponent": {"pos_x": 0.19491688184318812, "pos_y": -0.6645928188343204}}, "uuid": "9980162234"}], "timestamp": 2.465135431289673, "version_no": 1007}
1479668545112227300 [  2405] { RECV } packet ch 1 data=gamedelta%$%{"new_entities": [], "changed_entities": [{"changes": {"TransformComponent": {"pos_x": 0.26632071681199343, "pos_y": -0.6645928188343204}}, "uuid": "9980162234"}], "timestamp": 2.5161381721496583, "version_no": 1008}
1479668545148229400 [  2438] { RECV } packet ch 1 data=gamedelta%$%{"new_entities": [], "changed_entities": [{"changes": {"TransformComponent": {"pos_x": 0.3489254100608614, "pos_y": -0.6645928188343204}}, "uuid": "9980162234"}], "timestamp": 2.5751415252685548, "version_no": 1009}
1479668545249235200 [  2504] { SENT } : {"TransformComponent": {"pos_x": 0.3489254100608614, "pos_y": -0.6645928188343204}}, "uuid": "9980162234"}], "timestamp": 2.5751415252685548, "version_no": 1009}
1479668545228234000 [  2486] { RECV } packet ch 1 data=gamedelta%$%{"new_entities": [], "changed_entities": [{"changes": {"TransformComponent": {"pos_x": 0.4259298408764389, "pos_y": -0.6645928188343204}}, "uuid": "9980162234"}], "timestamp": 2.6301446914672852, "version_no": 1010}
1479668545261235800 [  2553] { RECV } packet ch 1 data=gamedelta%$%{"new_entities": [], "changed_entities": [{"changes": {"TransformComponent": {"pos_x": 0.5001341404753712, "pos_y": -0.6645928188343204}}, "uuid": "9980162234"}], "timestamp": 2.6841479301452638, "version_no": 1011}
1479668545332239900 [  2620] { RECV } packet ch 1 data=gamedelta%$%{"new_entities": [], "changed_entities": [{"changes": {"TransformComponent": {"pos_x": 0.5729385411727217, "pos_y": -0.6645928188343204}}, "uuid": "9980162234"}], "timestamp": 2.735150909423828, "version_no": 1012}
1479668545629256900 [  2919] { RECV } packet ch 1 data=gamedelta%$%{"new_entities": [], "changed_entities": [{"changes": {"TransformComponent": {"pos_x": 0.5729385411727217, "pos_y": -0.6365915103931583}}, "uuid": "9980162234"}], "timestamp": 3.0451682567596436, "version_no": 1013}
1479668545695260700 [  2991] { RECV } packet ch 1 data=gamedelta%$%{"new_entities": [], "changed_entities": [{"changes": {"TransformComponent": {"pos_x": 0.5729385411727217, "pos_y": -0.5637871096958078}}, "uuid": "9980162234"}], "timestamp": 3.09817156791687, "version_no": 1014}
1479668545738263100 [  3019] { RECV } packet ch 1 data=gamedelta%$%{"new_entities": [], "changed_entities": [{"changes": {"TransformComponent": {"pos_x": 0.5729385411727217, "pos_y": -0.47978218413187634}}, "uuid": "9980162234"}], "timestamp": 3.1571749210357667, "version_no": 1015}
1479668545793266300 [  3084] { RECV } packet ch 1 data=gamedelta%$%{"new_entities": [], "changed_entities": [{"changes": {"TransformComponent": {"pos_x": 0.5729385411727217, "pos_y": -0.4013778544147171}}, "uuid": "9980162234"}], "timestamp": 3.213178014755249, "version_no": 1016}
1479668545862270200 [  3152] { RECV } packet ch 1 data=gamedelta%$%{"new_entities": [], "changed_entities": [{"changes": {"TransformComponent": {"pos_x": 0.5729385411727217, "pos_y": -0.3215732923824943}}, "uuid": "9980162234"}], "timestamp": 3.2711814403533936, "version_no": 1017}
1479668545930274100 [  3219] { RECV } packet ch 1 data=gamedelta%$%{"new_entities": [], "changed_entities": [{"changes": {"TransformComponent": {"pos_x": 0.5729385411727217, "pos_y": -0.24316862925185334}}, "uuid": "9980162234"}], "timestamp": 3.326184606552124, "version_no": 1018}
1479668545961275900 [  3254] { RECV } packet ch 1 data=gamedelta%$%{"new_entities": [], "changed_entities": [{"changes": {"TransformComponent": {"pos_x": 0.5729385411727217, "pos_y": -0.1689646630664028}}, "uuid": "9980162234"}], "timestamp": 3.3791874408721925, "version_no": 1019}
1479668546028279700 [  3319] { RECV } packet ch 1 data=gamedelta%$%{"new_entities": [], "changed_entities": [{"changes": {"TransformComponent": {"pos_x": 0.5729385411727217, "pos_y": -0.09756016127063405}}, "uuid": "9980162234"}], "timestamp": 3.430190658569336, "version_no": 1020}
1479668546062281700 [  3353] { RECV } packet ch 1 data=gamedelta%$%{"new_entities": [], "changed_entities": [{"changes": {"TransformComponent": {"pos_x": 0.5729385411727217, "pos_y": -0.023356195085183495}}, "uuid": "9980162234"}], "timestamp": 3.4831934928894044, "version_no": 1021}
1479668546128285400 [  3425] { RECV } packet ch 1 data=gamedelta%$%{"new_entities": [], "changed_entities": [{"changes": {"TransformComponent": {"pos_x": 0.5729385411727217, "pos_y": 0.04944820561216701}}, "uuid": "9980162234"}], "timestamp": 3.5351966381073, "version_no": 1022}
1479668546195289300 [  3485] { RECV } packet ch 1 data=gamedelta%$%{"new_entities": [], "changed_entities": [{"changes": {"TransformComponent": {"pos_x": 0.5729385411727217, "pos_y": 0.12925243423090804}}, "uuid": "9980162234"}], "timestamp": 3.5921996593475343, "version_no": 1023}
1479668546265293300 [  3519] { RECV } packet ch 1 data=gamedelta%$%{"new_entities": [], "changed_entities": [{"changes": {"TransformComponent": {"pos_x": 0.5729385411727217, "pos_y": 0.20625719845996726}}, "uuid": "9980162234"}], "timestamp": 3.647203063964844, "version_no": 1024}
1479668546299295200 [  3591] { RECV } packet ch 1 data=gamedelta%$%{"new_entities": [], "changed_entities": [{"changes": {"TransformComponent": {"pos_x": 0.5729385411727217, "pos_y": 0.27906126574383605}}, "uuid": "9980162234"}], "timestamp": 3.7002061367034913, "version_no": 1025}
1479668546328296900 [  3623] { RECV } packet ch 1 data=gamedelta%$%{"new_entities": [], "changed_entities": [{"changes": {"TransformComponent": {"pos_x": 0.5729385411727217, "pos_y": 0.3532652319292866}}, "uuid": "9980162234"}], "timestamp": 3.7522088050842286, "version_no": 1026}
1479668546395300700 [  3687] { RECV } packet ch 1 data=gamedelta%$%{"new_entities": [], "changed_entities": [{"changes": {"TransformComponent": {"pos_x": 0.5729385411727217, "pos_y": 0.40506848552034724}}, "uuid": "9980162234"}], "timestamp": 3.80821213722229, "version_no": 1027}
1479668546528308300 [  3818] { RECV } packet ch 1 data=gamedelta%$%{"new_entities": [], "changed_entities": [{"changes": {"TransformComponent": {"pos_x": 0.5477373639482048, "pos_y": 0.40506848552034724}}, "uuid": "9980162234"}], "timestamp": 3.9472199440002442, "version_no": 1028}
1479668546595312100 [  3885] { RECV } packet ch 1 data=gamedelta%$%{"new_entities": [], "changed_entities": [{"changes": {"TransformComponent": {"pos_x": 0.4749329632508543, "pos_y": 0.40506848552034724}}, "uuid": "9980162234"}], "timestamp": 3.9992230892181397, "version_no": 1029}
1479668546629314100 [  3919] { RECV } packet ch 1 data=gamedelta%$%{"new_entities": [], "changed_entities": [{"changes": {"TransformComponent": {"pos_x": 0.403529128282049, "pos_y": 0.40506848552034724}}, "uuid": "9980162234"}], "timestamp": 4.050225830078125, "version_no": 1030}
1479668546693317700 [  3984] { RECV } packet ch 1 data=gamedelta%$%{"new_entities": [], "changed_entities": [{"changes": {"TransformComponent": {"pos_x": 0.3167237380879906, "pos_y": 0.40506848552034724}}, "uuid": "9980162234"}], "timestamp": 4.112229681015014, "version_no": 1031}
1479668546761321600 [  4052] { RECV } packet ch 1 data=gamedelta%$%{"new_entities": [], "changed_entities": [{"changes": {"TransformComponent": {"pos_x": 0.24531990311918528, "pos_y": 0.40506848552034724}}, "uuid": "9980162234"}], "timestamp": 4.164232587814331, "version_no": 1032}
1479668546795323600 [  4086] { RECV } packet ch 1 data=gamedelta%$%{"new_entities": [], "changed_entities": [{"changes": {"TransformComponent": {"pos_x": 0.17391573473689825, "pos_y": 0.40506848552034724}}, "uuid": "9980162234"}], "timestamp": 4.214235401153564, "version_no": 1033}
1479668546860327300 [  4153] { RECV } packet ch 1 data=gamedelta%$%{"new_entities": [], "changed_entities": [{"changes": {"TransformComponent": {"pos_x": 0.10111133403954775, "pos_y": 0.40506848552034724}}, "uuid": "9980162234"}], "timestamp": 4.26623854637146, "version_no": 1034}
1479668546894329200 [  4185] { RECV } packet ch 1 data=gamedelta%$%{"new_entities": [], "changed_entities": [{"changes": {"TransformComponent": {"pos_x": 0.029707499070742438, "pos_y": 0.40506848552034724}}, "uuid": "9980162234"}], "timestamp": 4.318241214752197, "version_no": 1035}
1479668546961333100 [  4251] { RECV } packet ch 1 data=gamedelta%$%{"new_entities": [], "changed_entities": [{"changes": {"TransformComponent": {"pos_x": -0.04169666931154459, "pos_y": 0.40506848552034724}}, "uuid": "9980162234"}], "timestamp": 4.368244266510009, "version_no": 1036}
1479668546995335000 [  4285] { RECV } packet ch 1 data=gamedelta%$%{"new_entities": [], "changed_entities": [{"changes": {"TransformComponent": {"pos_x": -0.1187011001271221, "pos_y": 0.40506848552034724}}, "uuid": "9980162234"}], "timestamp": 4.42324743270874, "version_no": 1037}
1479668547062338900 [  4352] { RECV } packet ch 1 data=gamedelta%$%{"new_entities": [], "changed_entities": [{"changes": {"TransformComponent": {"pos_x": -0.19150483399750917, "pos_y": 0.40506848552034724}}, "uuid": "9980162234"}], "timestamp": 4.476250267028808, "version_no": 1038}
1479668547128342600 [  4418] { RECV } packet ch 1 data=gamedelta%$%{"new_entities": [], "changed_entities": [{"changes": {"TransformComponent": {"pos_x": -0.2629093357932779, "pos_y": 0.40506848552034724}}, "uuid": "9980162234"}], "timestamp": 4.526253318786621, "version_no": 1039}
1479668547161344500 [  4452] { RECV } packet ch 1 data=gamedelta%$%{"new_entities": [], "changed_entities": [{"changes": {"TransformComponent": {"pos_x": -0.335713069663665, "pos_y": 0.40506848552034724}}, "uuid": "9980162234"}], "timestamp": 4.579256391525268, "version_no": 1040}
1479668547228348400 [  4518] { RECV } packet ch 1 data=gamedelta%$%{"new_entities": [], "changed_entities": [{"changes": {"TransformComponent": {"pos_x": -0.407117238045952, "pos_y": 0.40506848552034724}}, "uuid": "9980162234"}], "timestamp": 4.6302591323852536, "version_no": 1041}
1479668547295352200 [  4552] { RECV } packet ch 1 data=gamedelta%$%{"new_entities": [], "changed_entities": [{"changes": {"TransformComponent": {"pos_x": -0.47852173984172075, "pos_y": 0.40506848552034724}}, "uuid": "9980162234"}], "timestamp": 4.680262184143066, "version_no": 1042}
1479668547329354100 [  4621] { RECV } packet ch 1 data=gamedelta%$%{"new_entities": [], "changed_entities": [{"changes": {"TransformComponent": {"pos_x": -0.5527257060271713, "pos_y": 0.40506848552034724}}, "uuid": "9980162234"}], "timestamp": 4.733265018463134, "version_no": 1043}
1479668547360355900 [  4653] { RECV } packet ch 1 data=gamedelta%$%{"new_entities": [], "changed_entities": [{"changes": {"TransformComponent": {"pos_x": -0.6241298744094583, "pos_y": 0.40506848552034724}}, "uuid": "9980162234"}], "timestamp": 4.784267997741699, "version_no": 1044}
1479668547428359800 [  4719] { RECV } packet ch 1 data=gamedelta%$%{"new_entities": [], "changed_entities": [{"changes": {"TransformComponent": {"pos_x": -0.6955340427917454, "pos_y": 0.40506848552034724}}, "uuid": "9980162234"}], "timestamp": 4.836271142959594, "version_no": 1045}
1479668547464361800 [  4752] { RECV } packet ch 1 data=gamedelta%$%{"new_entities": [], "changed_entities": [{"changes": {"TransformComponent": {"pos_x": -0.7683381100756141, "pos_y": 0.40506848552034724}}, "uuid": "9980162234"}], "timestamp": 4.88727388381958, "version_no": 1046}
1479668547527365500 [  4819] { RECV } packet ch 1 data=gamedelta%$%{"new_entities": [], "changed_entities": [{"changes": {"TransformComponent": {"pos_x": -0.8425424096745464, "pos_y": 0.40506848552034724}}, "uuid": "9980162234"}], "timestamp": 4.941276884078979, "version_no": 1047}
1479668547595369300 [  4886] { RECV } packet ch 1 data=gamedelta%$%{"new_entities": [], "changed_entities": [{"changes": {"TransformComponent": {"pos_x": -0.8677435868990633, "pos_y": 0.35606536314593185}}, "uuid": "9980162234"}], "timestamp": 4.993280029296875, "version_no": 1048}
1479668547631371400 [  4919] { RECV } packet ch 1 data=gamedelta%$%{"new_entities": [], "changed_entities": [{"changes": {"TransformComponent": {"pos_x": -0.8677435868990633, "pos_y": 0.30706257418499816}}, "uuid": "9980162234"}], "timestamp": 5.045282697677612, "version_no": 1049}
1479668547762378900 [  5053] { RECV } packet ch 1 data=gamedelta%$%{"new_entities": [], "changed_entities": [{"changes": {"TransformComponent": {"pos_x": -0.8915448652219984, "pos_y": 0.30706257418499816}}, "uuid": "9980162234"}], "timestamp": 5.183290815353393, "version_no": 1050}
1479668547829382700 [  5120] { RECV } packet ch 1 data=gamedelta%$%{"new_entities": [], "changed_entities": [{"changes": {"TransformComponent": {"pos_x": -0.971349425391576, "pos_y": 0.30706257418499816}}, "uuid": "9980162234"}], "timestamp": 5.240294075012207, "version_no": 1051}
1479668547865384800 [  5153] { RECV } packet ch 1 data=gamedelta%$%{"new_entities": [], "changed_entities": [{"changes": {"TransformComponent": {"pos_x": -1.0441538260889265, "pos_y": 0.30706257418499816}}, "uuid": "9980162234"}], "timestamp": 5.293297147750854, "version_no": 1052}
1479668547935388800 [  5219] { RECV } packet ch 1 data=gamedelta%$%{"new_entities": [], "changed_entities": [{"changes": {"TransformComponent": {"pos_x": -1.1155576610577318, "pos_y": 0.30706257418499816}}, "uuid": "9980162234"}], "timestamp": 5.3442998886108395, "version_no": 1053}
1479668547994392200 [  5286] { RECV } packet ch 1 data=gamedelta%$%{"new_entities": [], "changed_entities": [{"changes": {"TransformComponent": {"pos_x": -1.1883620617550823, "pos_y": 0.30706257418499816}}, "uuid": "9980162234"}], "timestamp": 5.396303033828735, "version_no": 1054}
1479668548030394200 [  5318] { RECV } packet ch 1 data=gamedelta%$%{"new_entities": [], "changed_entities": [{"changes": {"TransformComponent": {"pos_x": -1.2597662301373693, "pos_y": 0.30706257418499816}}, "uuid": "9980162234"}], "timestamp": 5.448305940628051, "version_no": 1055}
1479668548095397900 [  5386] { RECV } packet ch 1 data=gamedelta%$%{"new_entities": [], "changed_entities": [{"changes": {"TransformComponent": {"pos_x": -1.2835675084603044, "pos_y": 0.30706257418499816}}, "uuid": "9980162234"}], "timestamp": 5.500308847427368, "version_no": 1056}
1479668549101455500 [  6394] { RECV } packet ch 1 data=gamedelta%$%{"new_entities": [], "changed_entities": [], "timestamp": 6.501366233825683, "version_no": 1057}
1479668550094512300 [  7385] { RECV } packet ch 1 data=gamedelta%$%{"new_entities": [], "changed_entities": [], "timestamp": 7.506423807144165, "version_no": 1058}
, "timestamp": 5.305053472518921}
1479668547979391300 [  5271] { RECV } packet ch 1 data=gamedelta%$%{"new_entities": [], "changed_entities": [{"changes": {"TransformComponent": {"pos_x": -1.1883620617550823, "pos_y": 0.30706257418499816}}, "uuid": "9980162234"}], "timestamp": 5.396303033828735, "version_no": 1054}
1479668548047395200 [  5337] { RECV } packet ch 1 data=gamedelta%$%{"new_entities": [], "changed_entities": [{"changes": {"TransformComponent": {"pos_x": -1.2597662301373693, "pos_y": 0.30706257418499816}}, "uuid": "9980162234"}], "timestamp": 5.448305940628051, "version_no": 1055}
1479668548079397000 [  5374] { RECV } packet ch 1 data=gamedelta%$%{"new_entities": [], "changed_entities": [{"changes": {"TransformComponent": {"pos_x": -1.2835675084603044, "pos_y": 0.30706257418499816}}, "uuid": "9980162234"}], "timestamp": 5.500308847427368, "version_no": 1056}
1479668548112398900 [  5406] { SENT } packet ch 1 data=request_event%$%{"uuid": null, "cls": "EventMovement", "data": {"velocity": [0.0, 0.0]}, "timestamp": 5.438060998916626}
1479668549117456400 [  6376] { RECV } packet ch 1 data=gamedelta%$%{"new_entities": [], "changed_entities": [], "timestamp": 6.501366233825683, "version_no": 1057}
1479668550111513300 [  7403] { RECV } packet ch 1 data=gamedelta%$%{"new_entities": [], "changed_entities": [], "timestamp": 7.506423807144165, "version_no": 1058}
